# JRE version: OpenJDK Runtime Environment Temurin-21.0.12.1+1 (21.0.12.1+1) (build 21.0.12.1+1-LTS)
# Java VM: OpenJDK 64-Bit Server VM Temurin-21.0.12.1+1 (21.0.12.1+1-LTS, mixed mode, sharing, tiered, compressed oops, compressed class ptrs, g1 gc, windows-amd64)
GC Precious Log:
 CardTable entry size: 512
 Card Set container configuration: InlinePtr #cards 4 size 8 Array Of Cards #cards 16 size 48 Howl #buckets 8 coarsen threshold 3686 Howl Bitmap #cards 512 size 80 coarsen threshold 460 Card regions per heap region 1 cards per card region 4096
 CPUs: 8 total, 8 available
 Memory: 16131M
 Large Page Support: Disabled
 NUMA Support: Disabled
 Compressed Oops: Enabled (Zero based)
 Heap Region Size: 2M
 Heap Min Capacity: 8M
 Heap Initial Capacity: 254M
 Heap Max Capacity: 4034M
 Pre-touch: Disabled
 Parallel Workers: 8
 Concurrent Workers: 2
 Concurrent Refinement Workers: 8
 Periodic GC: Disabled
Heap:
 garbage-first heap   total 110592K, used 53192K [0x0000000703e00000, 0x0000000800000000)
  region size 2048K, 11 young (22528K), 3 survivors (6144K)
 Metaspace       used 40375K, committed 40640K, reserved 1114112K
  class space    used 4893K, committed 4992K, reserved 1048576K
GC Heap History (12 events):
Event: 1.346 GC heap before
{Heap before GC invocations=0 (full 0):
 garbage-first heap   total 260096K, used 24576K [0x0000000703e00000, 0x0000000800000000)
  region size 2048K, 11 young (22528K), 0 survivors (0K)
 Metaspace       used 6441K, committed 6528K, reserved 1114112K
  class space    used 586K, committed 640K, reserved 1048576K
}
Event: 1.351 GC heap after
{Heap after GC invocations=1 (full 0):
 garbage-first heap   total 260096K, used 7082K [0x0000000703e00000, 0x0000000800000000)
  region size 2048K, 2 young (4096K), 2 survivors (4096K)
 Metaspace       used 6441K, committed 6528K, reserved 1114112K
  class space    used 586K, committed 640K, reserved 1048576K
}
Event: 2.700 GC heap before
{Heap before GC invocations=1 (full 0):
 garbage-first heap   total 260096K, used 41898K [0x0000000703e00000, 0x0000000800000000)
  region size 2048K, 19 young (38912K), 2 survivors (4096K)
 Metaspace       used 15350K, committed 15680K, reserved 1114112K
  class space    used 1679K, committed 1856K, reserved 1048576K
}
Event: 2.708 GC heap after
{Heap after GC invocations=2 (full 0):
 garbage-first heap   total 260096K, used 12658K [0x0000000703e00000, 0x0000000800000000)
  region size 2048K, 3 young (6144K), 3 survivors (6144K)
 Metaspace       used 15350K, committed 15680K, reserved 1114112K
  class space    used 1679K, committed 1856K, reserved 1048576K
}
Event: 4.239 GC heap before
{Heap before GC invocations=2 (full 0):
 garbage-first heap   total 260096K, used 76146K [0x0000000703e00000, 0x0000000800000000)
  region size 2048K, 36 young (73728K), 3 survivors (6144K)
 Metaspace       used 21203K, committed 21504K, reserved 1114112K
  class space    used 2490K, committed 2624K, reserved 1048576K
}
Event: 4.264 GC heap after
{Heap after GC invocations=3 (full 0):
 garbage-first heap   total 260096K, used 31065K [0x0000000703e00000, 0x0000000800000000)
  region size 2048K, 10 young (20480K), 10 survivors (20480K)
 Metaspace       used 21203K, committed 21504K, reserved 1114112K
  class space    used 2490K, committed 2624K, reserved 1048576K
}
Event: 4.508 GC heap before
{Heap before GC invocations=4 (full 0):
 garbage-first heap   total 110592K, used 35161K [0x0000000703e00000, 0x0000000800000000)
  region size 2048K, 12 young (24576K), 10 survivors (20480K)
 Metaspace       used 22367K, committed 22720K, reserved 1114112K
  class space    used 2959K, committed 3136K, reserved 1048576K
}
Event: 4.535 GC heap after
{Heap after GC invocations=5 (full 0):
 garbage-first heap   total 110592K, used 34535K [0x0000000703e00000, 0x0000000800000000)
  region size 2048K, 2 young (4096K), 2 survivors (4096K)
 Metaspace       used 22367K, committed 22720K, reserved 1114112K
  class space    used 2959K, committed 3136K, reserved 1048576K
}
Event: 6.779 GC heap before
{Heap before GC invocations=5 (full 0):
 garbage-first heap   total 110592K, used 75495K [0x0000000703e00000, 0x0000000800000000)
  region size 2048K, 23 young (47104K), 2 survivors (4096K)
 Metaspace       used 32055K, committed 32384K, reserved 1114112K
  class space    used 3918K, committed 4032K, reserved 1048576K
}
Event: 6.791 GC heap after
{Heap after GC invocations=6 (full 0):
 garbage-first heap   total 110592K, used 37136K [0x0000000703e00000, 0x0000000800000000)
  region size 2048K, 3 young (6144K), 3 survivors (6144K)
 Metaspace       used 32055K, committed 32384K, reserved 1114112K
  class space    used 3918K, committed 4032K, reserved 1048576K
}
Event: 7.584 GC heap before
{Heap before GC invocations=6 (full 0):
 garbage-first heap   total 110592K, used 53520K [0x0000000703e00000, 0x0000000800000000)
  region size 2048K, 13 young (26624K), 3 survivors (6144K)
 Metaspace       used 35920K, committed 36160K, reserved 1114112K
  class space    used 4324K, committed 4416K, reserved 1048576K
}
Event: 7.599 GC heap after
{Heap after GC invocations=7 (full 0):
 garbage-first heap   total 110592K, used 38856K [0x0000000703e00000, 0x0000000800000000)
  region size 2048K, 3 young (6144K), 3 survivors (6144K)
 Metaspace       used 35920K, committed 36160K, reserved 1114112K
  class space    used 4324K, committed 4416K, reserved 1048576K
}

